2018-12-14 00:17:19 [::1][-][-][warning][yii\log\Dispatcher::dispatch] Unable to send log via yii\debug\LogTarget: Exception (Invalid Configuration) 'yii\base\InvalidConfigException' with message 'The directory does not exist: /Applications/var/www/concept_crm/frontend/web/assets' 

in /Applications/var/www/concept_crm/vendor/yiisoft/yii2/web/AssetManager.php:213

Stack trace:
#0 /Applications/var/www/concept_crm/vendor/yiisoft/yii2/base/Object.php(107): yii\web\AssetManager->init()
#1 [internal function]: yii\base\Object->__construct(Array)
#2 /Applications/var/www/concept_crm/vendor/yiisoft/yii2/di/Container.php(375): ReflectionClass->newInstanceArgs(Array)
#3 /Applications/var/www/concept_crm/vendor/yiisoft/yii2/di/Container.php(156): yii\di\Container->build('yii\\web\\AssetMa...', Array, Array)
#4 /Applications/var/www/concept_crm/vendor/yiisoft/yii2/BaseYii.php(344): yii\di\Container->get('yii\\web\\AssetMa...', Array, Array)
#5 /Applications/var/www/concept_crm/vendor/yiisoft/yii2/di/ServiceLocator.php(135): yii\BaseYii::createObject(Array)
#6 /Applications/var/www/concept_crm/vendor/yiisoft/yii2/base/Application.php(605): yii\di\ServiceLocator->get('assetManager')
#7 /Applications/var/www/concept_crm/vendor/yiisoft/yii2/web/View.php(227): yii\base\Application->getAssetManager()
#8 /Applications/var/www/concept_crm/vendor/yiisoft/yii2/base/Component.php(132): yii\web\View->getAssetManager()
#9 /Applications/var/www/concept_crm/vendor/yiisoft/yii2-debug/panels/AssetPanel.php(53): yii\base\Component->__get('assetManager')
#10 /Applications/var/www/concept_crm/vendor/yiisoft/yii2-debug/LogTarget.php(54): yii\debug\panels\AssetPanel->save()
#11 /Applications/var/www/concept_crm/vendor/yiisoft/yii2-debug/LogTarget.php(118): yii\debug\LogTarget->export()
#12 /Applications/var/www/concept_crm/vendor/yiisoft/yii2/log/Dispatcher.php(188): yii\debug\LogTarget->collect(Array, true)
#13 /Applications/var/www/concept_crm/vendor/yiisoft/yii2/log/Logger.php(177): yii\log\Dispatcher->dispatch(Array, true)
#14 [internal function]: yii\log\Logger->flush(true)
#15 {main}
2018-12-14 00:17:19 [::1][-][-][info][application] $_COOKIE = [
    'advanced-backend' => '063eb4786de061a5ede9527d75d51f6b'
    '_identity-backend' => 'e0583adc6700cc8ca373bb714594b6a5aa3b6d4f8c5bb6583611c428ce257d22a:2:{i:0;s:17:\"_identity-backend\";i:1;s:46:\"[1,\"mUhdHISkHPsvCkCPDVCeOp4hS2c3kEVS\",2592000]\";}'
]

$_SERVER = [
    'HTTP_HOST' => 'v5.xsk.com'
    'HTTP_CONNECTION' => 'keep-alive'
    'HTTP_CACHE_CONTROL' => 'max-age=0'
    'HTTP_UPGRADE_INSECURE_REQUESTS' => '1'
    'HTTP_USER_AGENT' => 'Mozilla/5.0 (Macintosh; Intel Mac OS X 10_13_6) AppleWebKit/537.36 (KHTML, like Gecko) Chrome/54.0.2840.98 Safari/537.36 QQBrowser/4.2.4763.400'
    'HTTP_ACCEPT' => 'text/html,application/xhtml+xml,application/xml;q=0.9,image/webp,*/*;q=0.8'
    'HTTP_ACCEPT_ENCODING' => 'gzip, deflate, sdch'
    'HTTP_ACCEPT_LANGUAGE' => 'zh-CN,zh;q=0.8'
    'HTTP_COOKIE' => 'advanced-backend=063eb4786de061a5ede9527d75d51f6b; _identity-backend=e0583adc6700cc8ca373bb714594b6a5aa3b6d4f8c5bb6583611c428ce257d22a%3A2%3A%7Bi%3A0%3Bs%3A17%3A%22_identity-backend%22%3Bi%3A1%3Bs%3A46%3A%22%5B1%2C%22mUhdHISkHPsvCkCPDVCeOp4hS2c3kEVS%22%2C2592000%5D%22%3B%7D'
    'PATH' => '/usr/bin:/bin:/usr/sbin:/sbin'
    'SERVER_SIGNATURE' => ''
    'SERVER_SOFTWARE' => 'Apache'
    'SERVER_NAME' => 'v5.xsk.com'
    'SERVER_ADDR' => '::1'
    'SERVER_PORT' => '80'
    'REMOTE_ADDR' => '::1'
    'DOCUMENT_ROOT' => '/Applications/var/www/concept_crm'
    'SERVER_ADMIN' => 'you@example.com'
    'SCRIPT_FILENAME' => '/Applications/var/www/concept_crm/frontend/web/index.php'
    'REMOTE_PORT' => '61050'
    'GATEWAY_INTERFACE' => 'CGI/1.1'
    'SERVER_PROTOCOL' => 'HTTP/1.1'
    'REQUEST_METHOD' => 'GET'
    'QUERY_STRING' => ''
    'REQUEST_URI' => '/frontend/web/'
    'SCRIPT_NAME' => '/frontend/web/index.php'
    'PHP_SELF' => '/frontend/web/index.php'
    'REQUEST_TIME_FLOAT' => 1544717839.32
    'REQUEST_TIME' => 1544717839
    'argv' => []
    'argc' => 0
]
